0 info it worked if it ends with ok
1 verbose cli [ 'node', '/usr/local/bin/npm', 'install', '-g', 'weather.js' ]
2 info using npm@2.7.5
3 info using node@v0.12.2
4 verbose node symlink /usr/local/bin/node
5 silly cache add args [ 'weather.js', null ]
6 verbose cache add spec weather.js
7 silly cache add parsed spec { raw: 'weather.js',
7 silly cache add   scope: null,
7 silly cache add   name: null,
7 silly cache add   rawSpec: 'weather.js',
7 silly cache add   spec: '/Users/jorgehernandez/Projects/TIY-Mashup/src/js/weather.js',
7 silly cache add   type: 'local' }
8 silly addLocalTarball shasum (computed) 597287a890ea157c5ec0c392c594445373ae9523
9 verbose addTmpTarball /Users/jorgehernandez/Projects/TIY-Mashup/src/js/weather.js not in flight; adding
10 verbose addTmpTarball validating metadata from /Users/jorgehernandez/Projects/TIY-Mashup/src/js/weather.js
11 verbose tar unpack /Users/jorgehernandez/Projects/TIY-Mashup/src/js/weather.js
12 verbose tar unpacking to /var/folders/z0/3tsv8jx9399240x_x88f_b8m0000gn/T/npm-42309-3932a264/unpack-bd417f52da03
13 silly gentlyRm /var/folders/z0/3tsv8jx9399240x_x88f_b8m0000gn/T/npm-42309-3932a264/unpack-bd417f52da03 is being purged
14 verbose gentlyRm don't care about contents; nuking /var/folders/z0/3tsv8jx9399240x_x88f_b8m0000gn/T/npm-42309-3932a264/unpack-bd417f52da03
15 silly gunzTarPerm modes [ '755', '644' ]
16 error not a package /Users/jorgehernandez/Projects/TIY-Mashup/src/js/weather.js
17 error addLocal Could not install /Users/jorgehernandez/Projects/TIY-Mashup/src/js/weather.js
18 verbose stack Error: ENOENT, open '/var/folders/z0/3tsv8jx9399240x_x88f_b8m0000gn/T/npm-42309-3932a264/unpack-bd417f52da03/package.json'
18 verbose stack     at Error (native)
19 verbose cwd /Users/jorgehernandez/Projects/TIY-Mashup/src/js
20 error Darwin 14.3.0
21 error argv "node" "/usr/local/bin/npm" "install" "-g" "weather.js"
22 error node v0.12.2
23 error npm  v2.7.5
24 error path /var/folders/z0/3tsv8jx9399240x_x88f_b8m0000gn/T/npm-42309-3932a264/unpack-bd417f52da03/package.json
25 error code ENOENT
26 error errno -2
27 error enoent ENOENT, open '/var/folders/z0/3tsv8jx9399240x_x88f_b8m0000gn/T/npm-42309-3932a264/unpack-bd417f52da03/package.json'
27 error enoent This is most likely not a problem with npm itself
27 error enoent and is related to npm not being able to find a file.
28 verbose exit [ -2, true ]
